#! /c/Source/iverilog-install/bin/vvp
:ivl_version "12.0 (devel)" "(s20150603-1539-g2693dd32b)";
:ivl_delay_selection "TYPICAL";
:vpi_time_precision + 0;
:vpi_module "C:\iverilog\lib\ivl\system.vpi";
:vpi_module "C:\iverilog\lib\ivl\vhdl_sys.vpi";
:vpi_module "C:\iverilog\lib\ivl\vhdl_textio.vpi";
:vpi_module "C:\iverilog\lib\ivl\v2005_math.vpi";
:vpi_module "C:\iverilog\lib\ivl\va_math.vpi";
S_00000226f5f8c680 .scope module, "testbench" "testbench" 2 25;
 .timescale 0 0;
v00000226f5e62d80_0 .var "ee0", 15 0;
v00000226f5e62e20_0 .var "ee1", 15 0;
v00000226f5e62ec0_0 .var "h0", 0 0;
v00000226f5e62f60_0 .net "s0", 15 0, v00000226f5f8ca40_0;  1 drivers
S_00000226f5f8c810 .scope module, "u0" "ula" 2 32, 2 3 0, S_00000226f5f8c680;
 .timescale 0 0;
    .port_info 0 /INPUT 16 "e0";
    .port_info 1 /INPUT 16 "e1";
    .port_info 2 /INPUT 1 "h";
    .port_info 3 /OUTPUT 16 "s";
v00000226f5f8ae80_0 .net "e0", 15 0, v00000226f5e62d80_0;  1 drivers
v00000226f5f8a2b0_0 .net "e1", 15 0, v00000226f5e62e20_0;  1 drivers
v00000226f5f8c0c0_0 .net "h", 0 0, v00000226f5e62ec0_0;  1 drivers
v00000226f5f8c9a0_0 .net "mult", 15 0, L_00000226f5e630a0;  1 drivers
v00000226f5f8ca40_0 .var "s", 15 0;
v00000226f5e62ce0_0 .net "soma", 15 0, L_00000226f5e63000;  1 drivers
E_00000226f5f8beb0 .event anyedge, v00000226f5f8c0c0_0;
L_00000226f5e63000 .arith/sum 16, v00000226f5e62d80_0, v00000226f5e62e20_0;
L_00000226f5e630a0 .arith/mult 16, v00000226f5e62d80_0, v00000226f5e62e20_0;
    .scope S_00000226f5f8c810;
T_0 ;
    %wait E_00000226f5f8beb0;
    %load/vec4 v00000226f5f8c0c0_0;
    %dup/vec4;
    %pushi/vec4 0, 0, 1;
    %cmp/u;
    %jmp/1 T_0.0, 6;
    %dup/vec4;
    %pushi/vec4 1, 0, 1;
    %cmp/u;
    %jmp/1 T_0.1, 6;
    %jmp T_0.2;
T_0.0 ;
    %load/vec4 v00000226f5e62ce0_0;
    %store/vec4 v00000226f5f8ca40_0, 0, 16;
    %jmp T_0.2;
T_0.1 ;
    %load/vec4 v00000226f5f8c9a0_0;
    %store/vec4 v00000226f5f8ca40_0, 0, 16;
    %jmp T_0.2;
T_0.2 ;
    %pop/vec4 1;
    %jmp T_0;
    .thread T_0, $push;
    .scope S_00000226f5f8c680;
T_1 ;
    %pushi/vec4 3, 0, 16;
    %store/vec4 v00000226f5e62d80_0, 0, 16;
    %pushi/vec4 2, 0, 16;
    %store/vec4 v00000226f5e62e20_0, 0, 16;
    %end;
    .thread T_1;
    .scope S_00000226f5f8c680;
T_2 ;
    %vpi_call 2 35 "$dumpvars" {0 0 0};
    %delay 2, 0;
    %pushi/vec4 0, 0, 1;
    %store/vec4 v00000226f5e62ec0_0, 0, 1;
    %delay 2, 0;
    %pushi/vec4 1, 0, 1;
    %store/vec4 v00000226f5e62ec0_0, 0, 1;
    %delay 2, 0;
    %pushi/vec4 3, 0, 16;
    %store/vec4 v00000226f5e62e20_0, 0, 16;
    %pushi/vec4 0, 0, 1;
    %store/vec4 v00000226f5e62ec0_0, 0, 1;
    %delay 2, 0;
    %pushi/vec4 1, 0, 1;
    %store/vec4 v00000226f5e62ec0_0, 0, 1;
    %delay 2, 0;
    %vpi_call 2 47 "$finish" {0 0 0};
    %end;
    .thread T_2;
# The file index is used to find the file name in the following table.
:file_names 3;
    "N/A";
    "<interactive>";
    "ula.v";
