#! /c/Source/iverilog-install/bin/vvp
:ivl_version "12.0 (devel)" "(s20150603-1539-g2693dd32b)";
:ivl_delay_selection "TYPICAL";
:vpi_time_precision + 0;
:vpi_module "C:\iverilog\lib\ivl\system.vpi";
:vpi_module "C:\iverilog\lib\ivl\vhdl_sys.vpi";
:vpi_module "C:\iverilog\lib\ivl\vhdl_textio.vpi";
:vpi_module "C:\iverilog\lib\ivl\v2005_math.vpi";
:vpi_module "C:\iverilog\lib\ivl\va_math.vpi";
S_0000025ca5202ce0 .scope module, "testbench" "testbench" 2 1;
 .timescale 0 0;
v0000025ca5202e70_0 .var "num", 9 0;
v0000025ca5202f10_0 .var "x", 0 0;
    .scope S_0000025ca5202ce0;
T_0 ;
    %delay 1, 0;
    %load/vec4 v0000025ca5202f10_0;
    %inv;
    %assign/vec4 v0000025ca5202f10_0, 0;
    %jmp T_0;
    .thread T_0;
    .scope S_0000025ca5202ce0;
T_1 ;
    %delay 1, 0;
    %load/vec4 v0000025ca5202e70_0;
    %addi 1, 0, 10;
    %assign/vec4 v0000025ca5202e70_0, 0;
    %jmp T_1;
    .thread T_1;
    .scope S_0000025ca5202ce0;
T_2 ;
    %vpi_call 2 12 "$dumpvars" {0 0 0};
    %pushi/vec4 0, 0, 1;
    %assign/vec4 v0000025ca5202f10_0, 0;
    %pushi/vec4 0, 0, 10;
    %assign/vec4 v0000025ca5202e70_0, 0;
    %delay 500, 0;
    %vpi_call 2 18 "$finish" {0 0 0};
    %end;
    .thread T_2;
# The file index is used to find the file name in the following table.
:file_names 3;
    "N/A";
    "<interactive>";
    "teste.v";
